{"total": {"lines":{"total":793,"covered":786,"skipped":0,"pct":99.11},"statements":{"total":916,"covered":880,"skipped":0,"pct":96.06},"functions":{"total":193,"covered":192,"skipped":0,"pct":99.48},"branches":{"total":598,"covered":507,"skipped":0,"pct":84.78},"branchesTrue":{"total":0,"covered":0,"skipped":0,"pct":100}}
,"/home/operador/proyectos/humanizar/EducacionCooperativa/src/lib/crypto.ts": {"lines":{"total":33,"covered":33,"skipped":0,"pct":100},"functions":{"total":6,"covered":6,"skipped":0,"pct":100},"statements":{"total":36,"covered":36,"skipped":0,"pct":100},"branches":{"total":19,"covered":19,"skipped":0,"pct":100}}
,"/home/operador/proyectos/humanizar/EducacionCooperativa/src/lib/error-utils.ts": {"lines":{"total":22,"covered":22,"skipped":0,"pct":100},"functions":{"total":5,"covered":5,"skipped":0,"pct":100},"statements":{"total":22,"covered":22,"skipped":0,"pct":100},"branches":{"total":26,"covered":26,"skipped":0,"pct":100}}
,"/home/operador/proyectos/humanizar/EducacionCooperativa/src/lib/folder-utils.ts": {"lines":{"total":8,"covered":8,"skipped":0,"pct":100},"functions":{"total":3,"covered":3,"skipped":0,"pct":100},"statements":{"total":9,"covered":9,"skipped":0,"pct":100},"branches":{"total":4,"covered":4,"skipped":0,"pct":100}}
,"/home/operador/proyectos/humanizar/EducacionCooperativa/src/lib/markdownConversion.ts": {"lines":{"total":55,"covered":55,"skipped":0,"pct":100},"functions":{"total":10,"covered":10,"skipped":0,"pct":100},"statements":{"total":57,"covered":57,"skipped":0,"pct":100},"branches":{"total":47,"covered":39,"skipped":0,"pct":82.97}}
,"/home/operador/proyectos/humanizar/EducacionCooperativa/src/lib/server-auth.ts": {"lines":{"total":42,"covered":42,"skipped":0,"pct":100},"functions":{"total":5,"covered":5,"skipped":0,"pct":100},"statements":{"total":48,"covered":47,"skipped":0,"pct":97.91},"branches":{"total":31,"covered":27,"skipped":0,"pct":87.09}}
,"/home/operador/proyectos/humanizar/EducacionCooperativa/src/lib/storage-path.ts": {"lines":{"total":13,"covered":13,"skipped":0,"pct":100},"functions":{"total":5,"covered":5,"skipped":0,"pct":100},"statements":{"total":14,"covered":14,"skipped":0,"pct":100},"branches":{"total":8,"covered":8,"skipped":0,"pct":100}}
,"/home/operador/proyectos/humanizar/EducacionCooperativa/src/lib/search/rank.ts": {"lines":{"total":201,"covered":198,"skipped":0,"pct":98.5},"functions":{"total":44,"covered":44,"skipped":0,"pct":100},"statements":{"total":238,"covered":228,"skipped":0,"pct":95.79},"branches":{"total":136,"covered":113,"skipped":0,"pct":83.08}}
,"/home/operador/proyectos/humanizar/EducacionCooperativa/src/lib/search/types.ts": {"lines":{"total":12,"covered":12,"skipped":0,"pct":100},"functions":{"total":2,"covered":2,"skipped":0,"pct":100},"statements":{"total":13,"covered":13,"skipped":0,"pct":100},"branches":{"total":0,"covered":0,"skipped":0,"pct":100}}
,"/home/operador/proyectos/humanizar/EducacionCooperativa/src/services/apiClient.ts": {"lines":{"total":36,"covered":32,"skipped":0,"pct":88.88},"functions":{"total":9,"covered":8,"skipped":0,"pct":88.88},"statements":{"total":38,"covered":34,"skipped":0,"pct":89.47},"branches":{"total":16,"covered":14,"skipped":0,"pct":87.5}}
,"/home/operador/proyectos/humanizar/EducacionCooperativa/src/services/dashboardDocUtils.ts": {"lines":{"total":36,"covered":36,"skipped":0,"pct":100},"functions":{"total":7,"covered":7,"skipped":0,"pct":100},"statements":{"total":47,"covered":46,"skipped":0,"pct":97.87},"branches":{"total":58,"covered":54,"skipped":0,"pct":93.1}}
,"/home/operador/proyectos/humanizar/EducacionCooperativa/src/services/dashboardPersistence.ts": {"lines":{"total":74,"covered":74,"skipped":0,"pct":100},"functions":{"total":13,"covered":13,"skipped":0,"pct":100},"statements":{"total":83,"covered":81,"skipped":0,"pct":97.59},"branches":{"total":65,"covered":60,"skipped":0,"pct":92.3}}
,"/home/operador/proyectos/humanizar/EducacionCooperativa/src/services/dashboardUtils.ts": {"lines":{"total":46,"covered":46,"skipped":0,"pct":100},"functions":{"total":4,"covered":4,"skipped":0,"pct":100},"statements":{"total":75,"covered":58,"skipped":0,"pct":77.33},"branches":{"total":112,"covered":73,"skipped":0,"pct":65.17}}
,"/home/operador/proyectos/humanizar/EducacionCooperativa/src/services/editorSemanticStore.ts": {"lines":{"total":87,"covered":87,"skipped":0,"pct":100},"functions":{"total":30,"covered":30,"skipped":0,"pct":100},"statements":{"total":102,"covered":101,"skipped":0,"pct":99.01},"branches":{"total":46,"covered":41,"skipped":0,"pct":89.13}}
,"/home/operador/proyectos/humanizar/EducacionCooperativa/src/services/searchApi.ts": {"lines":{"total":6,"covered":6,"skipped":0,"pct":100},"functions":{"total":1,"covered":1,"skipped":0,"pct":100},"statements":{"total":6,"covered":6,"skipped":0,"pct":100},"branches":{"total":2,"covered":2,"skipped":0,"pct":100}}
,"/home/operador/proyectos/humanizar/EducacionCooperativa/src/services/snippetApi.ts": {"lines":{"total":20,"covered":20,"skipped":0,"pct":100},"functions":{"total":7,"covered":7,"skipped":0,"pct":100},"statements":{"total":23,"covered":23,"skipped":0,"pct":100},"branches":{"total":4,"covered":4,"skipped":0,"pct":100}}
,"/home/operador/proyectos/humanizar/EducacionCooperativa/src/services/subscriptionApi.ts": {"lines":{"total":16,"covered":16,"skipped":0,"pct":100},"functions":{"total":4,"covered":4,"skipped":0,"pct":100},"statements":{"total":16,"covered":16,"skipped":0,"pct":100},"branches":{"total":8,"covered":8,"skipped":0,"pct":100}}
,"/home/operador/proyectos/humanizar/EducacionCooperativa/src/store/dashboard.selectors.ts": {"lines":{"total":3,"covered":3,"skipped":0,"pct":100},"functions":{"total":2,"covered":2,"skipped":0,"pct":100},"statements":{"total":4,"covered":4,"skipped":0,"pct":100},"branches":{"total":0,"covered":0,"skipped":0,"pct":100}}
,"/home/operador/proyectos/humanizar/EducacionCooperativa/src/store/dashboardSlice.ts": {"lines":{"total":21,"covered":21,"skipped":0,"pct":100},"functions":{"total":18,"covered":18,"skipped":0,"pct":100},"statements":{"total":21,"covered":21,"skipped":0,"pct":100},"branches":{"total":0,"covered":0,"skipped":0,"pct":100}}
,"/home/operador/proyectos/humanizar/EducacionCooperativa/src/types/documents.ts": {"lines":{"total":12,"covered":12,"skipped":0,"pct":100},"functions":{"total":2,"covered":2,"skipped":0,"pct":100},"statements":{"total":12,"covered":12,"skipped":0,"pct":100},"branches":{"total":0,"covered":0,"skipped":0,"pct":100}}
,"/home/operador/proyectos/humanizar/EducacionCooperativa/src/types/payments.ts": {"lines":{"total":20,"covered":20,"skipped":0,"pct":100},"functions":{"total":6,"covered":6,"skipped":0,"pct":100},"statements":{"total":20,"covered":20,"skipped":0,"pct":100},"branches":{"total":4,"covered":4,"skipped":0,"pct":100}}
,"/home/operador/proyectos/humanizar/EducacionCooperativa/src/types/subscription.ts": {"lines":{"total":21,"covered":21,"skipped":0,"pct":100},"functions":{"total":7,"covered":7,"skipped":0,"pct":100},"statements":{"total":23,"covered":23,"skipped":0,"pct":100},"branches":{"total":10,"covered":9,"skipped":0,"pct":90}}
,"/home/operador/proyectos/humanizar/EducacionCooperativa/src/types/workspace.ts": {"lines":{"total":9,"covered":9,"skipped":0,"pct":100},"functions":{"total":3,"covered":3,"skipped":0,"pct":100},"statements":{"total":9,"covered":9,"skipped":0,"pct":100},"branches":{"total":2,"covered":2,"skipped":0,"pct":100}}
}
