{"total": {"lines":{"total":527,"covered":527,"skipped":0,"pct":100},"statements":{"total":609,"covered":609,"skipped":0,"pct":100},"functions":{"total":139,"covered":139,"skipped":0,"pct":100},"branches":{"total":403,"covered":403,"skipped":0,"pct":100},"branchesTrue":{"total":0,"covered":0,"skipped":0,"pct":100}}
,"/home/operador/proyectos/humanizar/EducacionCooperativa/src/lib/crypto.ts": {"lines":{"total":33,"covered":33,"skipped":0,"pct":100},"functions":{"total":6,"covered":6,"skipped":0,"pct":100},"statements":{"total":36,"covered":36,"skipped":0,"pct":100},"branches":{"total":19,"covered":19,"skipped":0,"pct":100}}
,"/home/operador/proyectos/humanizar/EducacionCooperativa/src/lib/error-utils.ts": {"lines":{"total":22,"covered":22,"skipped":0,"pct":100},"functions":{"total":5,"covered":5,"skipped":0,"pct":100},"statements":{"total":22,"covered":22,"skipped":0,"pct":100},"branches":{"total":26,"covered":26,"skipped":0,"pct":100}}
,"/home/operador/proyectos/humanizar/EducacionCooperativa/src/lib/folder-utils.ts": {"lines":{"total":8,"covered":8,"skipped":0,"pct":100},"functions":{"total":3,"covered":3,"skipped":0,"pct":100},"statements":{"total":9,"covered":9,"skipped":0,"pct":100},"branches":{"total":4,"covered":4,"skipped":0,"pct":100}}
,"/home/operador/proyectos/humanizar/EducacionCooperativa/src/lib/server-auth.ts": {"lines":{"total":42,"covered":42,"skipped":0,"pct":100},"functions":{"total":5,"covered":5,"skipped":0,"pct":100},"statements":{"total":48,"covered":48,"skipped":0,"pct":100},"branches":{"total":31,"covered":31,"skipped":0,"pct":100}}
,"/home/operador/proyectos/humanizar/EducacionCooperativa/src/lib/storage-path.ts": {"lines":{"total":13,"covered":13,"skipped":0,"pct":100},"functions":{"total":5,"covered":5,"skipped":0,"pct":100},"statements":{"total":14,"covered":14,"skipped":0,"pct":100},"branches":{"total":8,"covered":8,"skipped":0,"pct":100}}
,"/home/operador/proyectos/humanizar/EducacionCooperativa/src/lib/search/types.ts": {"lines":{"total":12,"covered":12,"skipped":0,"pct":100},"functions":{"total":2,"covered":2,"skipped":0,"pct":100},"statements":{"total":13,"covered":13,"skipped":0,"pct":100},"branches":{"total":0,"covered":0,"skipped":0,"pct":100}}
,"/home/operador/proyectos/humanizar/EducacionCooperativa/src/services/apiClient.ts": {"lines":{"total":32,"covered":32,"skipped":0,"pct":100},"functions":{"total":9,"covered":9,"skipped":0,"pct":100},"statements":{"total":34,"covered":34,"skipped":0,"pct":100},"branches":{"total":12,"covered":12,"skipped":0,"pct":100}}
,"/home/operador/proyectos/humanizar/EducacionCooperativa/src/services/dashboardDocUtils.ts": {"lines":{"total":36,"covered":36,"skipped":0,"pct":100},"functions":{"total":7,"covered":7,"skipped":0,"pct":100},"statements":{"total":47,"covered":47,"skipped":0,"pct":100},"branches":{"total":58,"covered":58,"skipped":0,"pct":100}}
,"/home/operador/proyectos/humanizar/EducacionCooperativa/src/services/dashboardPersistence.ts": {"lines":{"total":74,"covered":74,"skipped":0,"pct":100},"functions":{"total":13,"covered":13,"skipped":0,"pct":100},"statements":{"total":83,"covered":83,"skipped":0,"pct":100},"branches":{"total":65,"covered":65,"skipped":0,"pct":100}}
,"/home/operador/proyectos/humanizar/EducacionCooperativa/src/services/dashboardUtils.ts": {"lines":{"total":40,"covered":40,"skipped":0,"pct":100},"functions":{"total":4,"covered":4,"skipped":0,"pct":100},"statements":{"total":67,"covered":67,"skipped":0,"pct":100},"branches":{"total":104,"covered":104,"skipped":0,"pct":100}}
,"/home/operador/proyectos/humanizar/EducacionCooperativa/src/services/editorSemanticStore.ts": {"lines":{"total":87,"covered":87,"skipped":0,"pct":100},"functions":{"total":30,"covered":30,"skipped":0,"pct":100},"statements":{"total":102,"covered":102,"skipped":0,"pct":100},"branches":{"total":46,"covered":46,"skipped":0,"pct":100}}
,"/home/operador/proyectos/humanizar/EducacionCooperativa/src/services/searchApi.ts": {"lines":{"total":6,"covered":6,"skipped":0,"pct":100},"functions":{"total":1,"covered":1,"skipped":0,"pct":100},"statements":{"total":6,"covered":6,"skipped":0,"pct":100},"branches":{"total":2,"covered":2,"skipped":0,"pct":100}}
,"/home/operador/proyectos/humanizar/EducacionCooperativa/src/services/snippetApi.ts": {"lines":{"total":20,"covered":20,"skipped":0,"pct":100},"functions":{"total":7,"covered":7,"skipped":0,"pct":100},"statements":{"total":23,"covered":23,"skipped":0,"pct":100},"branches":{"total":4,"covered":4,"skipped":0,"pct":100}}
,"/home/operador/proyectos/humanizar/EducacionCooperativa/src/services/subscriptionApi.ts": {"lines":{"total":16,"covered":16,"skipped":0,"pct":100},"functions":{"total":4,"covered":4,"skipped":0,"pct":100},"statements":{"total":16,"covered":16,"skipped":0,"pct":100},"branches":{"total":8,"covered":8,"skipped":0,"pct":100}}
,"/home/operador/proyectos/humanizar/EducacionCooperativa/src/store/dashboard.selectors.ts": {"lines":{"total":3,"covered":3,"skipped":0,"pct":100},"functions":{"total":2,"covered":2,"skipped":0,"pct":100},"statements":{"total":4,"covered":4,"skipped":0,"pct":100},"branches":{"total":0,"covered":0,"skipped":0,"pct":100}}
,"/home/operador/proyectos/humanizar/EducacionCooperativa/src/store/dashboardSlice.ts": {"lines":{"total":21,"covered":21,"skipped":0,"pct":100},"functions":{"total":18,"covered":18,"skipped":0,"pct":100},"statements":{"total":21,"covered":21,"skipped":0,"pct":100},"branches":{"total":0,"covered":0,"skipped":0,"pct":100}}
,"/home/operador/proyectos/humanizar/EducacionCooperativa/src/types/documents.ts": {"lines":{"total":12,"covered":12,"skipped":0,"pct":100},"functions":{"total":2,"covered":2,"skipped":0,"pct":100},"statements":{"total":12,"covered":12,"skipped":0,"pct":100},"branches":{"total":0,"covered":0,"skipped":0,"pct":100}}
,"/home/operador/proyectos/humanizar/EducacionCooperativa/src/types/payments.ts": {"lines":{"total":20,"covered":20,"skipped":0,"pct":100},"functions":{"total":6,"covered":6,"skipped":0,"pct":100},"statements":{"total":20,"covered":20,"skipped":0,"pct":100},"branches":{"total":4,"covered":4,"skipped":0,"pct":100}}
,"/home/operador/proyectos/humanizar/EducacionCooperativa/src/types/subscription.ts": {"lines":{"total":21,"covered":21,"skipped":0,"pct":100},"functions":{"total":7,"covered":7,"skipped":0,"pct":100},"statements":{"total":23,"covered":23,"skipped":0,"pct":100},"branches":{"total":10,"covered":10,"skipped":0,"pct":100}}
,"/home/operador/proyectos/humanizar/EducacionCooperativa/src/types/workspace.ts": {"lines":{"total":9,"covered":9,"skipped":0,"pct":100},"functions":{"total":3,"covered":3,"skipped":0,"pct":100},"statements":{"total":9,"covered":9,"skipped":0,"pct":100},"branches":{"total":2,"covered":2,"skipped":0,"pct":100}}
}
